<?xml version="1.0" encoding="UTF-8"?>
<testng-results skipped="0" failed="0" total="3" passed="3">
  <reporter-output>
  </reporter-output>
  <suite name="Surefire suite" duration-ms="162" started-at="2022-07-18T10:39:12Z" finished-at="2022-07-18T10:39:12Z">
    <groups>
    </groups>
    <test name="Surefire test" duration-ms="162" started-at="2022-07-18T10:39:12Z" finished-at="2022-07-18T10:39:12Z">
      <class name="mavenTestNG.TestCasePracticeTest_1">
        <test-method status="PASS" signature="test1()[pri:0, instance:mavenTestNG.TestCasePracticeTest_1@1e88b3c]" name="test1" duration-ms="123" started-at="2022-07-18T16:09:12Z" finished-at="2022-07-18T16:09:12Z">
          <reporter-output>
          </reporter-output>
        </test-method> <!-- test1 -->
        <test-method status="PASS" signature="test2()[pri:0, instance:mavenTestNG.TestCasePracticeTest_1@1e88b3c]" name="test2" duration-ms="5" started-at="2022-07-18T16:09:12Z" finished-at="2022-07-18T16:09:12Z">
          <reporter-output>
          </reporter-output>
        </test-method> <!-- test2 -->
        <test-method status="PASS" signature="test3()[pri:0, instance:mavenTestNG.TestCasePracticeTest_1@1e88b3c]" name="test3" duration-ms="2" started-at="2022-07-18T16:09:12Z" finished-at="2022-07-18T16:09:12Z">
          <reporter-output>
          </reporter-output>
        </test-method> <!-- test3 -->
      </class> <!-- mavenTestNG.TestCasePracticeTest_1 -->
    </test> <!-- Surefire test -->
  </suite> <!-- Surefire suite -->
</testng-results>
