<?xml version="1.0" encoding="UTF-8"?>
<testng-results total="3" passed="3" failed="0" skipped="0">
  <reporter-output>
  </reporter-output>
  <suite started-at="2022-07-18T11:10:23Z" name="Default suite" finished-at="2022-07-18T11:10:23Z" duration-ms="66">
    <groups>
    </groups>
    <test started-at="2022-07-18T11:10:23Z" name="Default test" finished-at="2022-07-18T11:10:23Z" duration-ms="66">
      <class name="mavenTestNG.TestCasePracticeTest_2">
        <test-method signature="mavenTest5()[pri:0, instance:mavenTestNG.TestCasePracticeTest_2@6d167f58]" started-at="2022-07-18T16:40:23Z" name="mavenTest5" finished-at="2022-07-18T16:40:23Z" duration-ms="21" status="PASS">
          <reporter-output>
          </reporter-output>
        </test-method> <!-- mavenTest5 -->
        <test-method signature="mavenTest6()[pri:0, instance:mavenTestNG.TestCasePracticeTest_2@6d167f58]" started-at="2022-07-18T16:40:23Z" name="mavenTest6" finished-at="2022-07-18T16:40:23Z" duration-ms="3" status="PASS">
          <reporter-output>
          </reporter-output>
        </test-method> <!-- mavenTest6 -->
        <test-method signature="mavenTest4()[pri:0, instance:mavenTestNG.TestCasePracticeTest_2@6d167f58]" started-at="2022-07-18T16:40:23Z" name="mavenTest4" finished-at="2022-07-18T16:40:23Z" depends-on-methods="mavenTestNG.TestCasePracticeTest_2.mavenTest5" duration-ms="2" status="PASS">
          <reporter-output>
          </reporter-output>
        </test-method> <!-- mavenTest4 -->
      </class> <!-- mavenTestNG.TestCasePracticeTest_2 -->
    </test> <!-- Default test -->
  </suite> <!-- Default suite -->
</testng-results>
