<?xml version="1.0" encoding="UTF-8"?>
<!-- Generated by org.testng.reporters.JUnitXMLReporter -->
<testsuite hostname="DESKTOP-OG1P3UF" name="Surefire test" tests="3" failures="0" timestamp="18 Jul 2022 10:39:13 GMT" time="0.162" errors="0">
  <testcase name="test1" time="0.123" classname="mavenTestNG.TestCasePracticeTest_1"/>
  <testcase name="test2" time="0.005" classname="mavenTestNG.TestCasePracticeTest_1"/>
  <testcase name="test3" time="0.002" classname="mavenTestNG.TestCasePracticeTest_1"/>
</testsuite> <!-- Surefire test -->
